Determining if the pthread_create exist failed with the following output:
Change Dir: /home/ubuntu/finalProject/build/catkin_tools_prebuild/CMakeFiles/CMakeTmp

Run Build Command:"/usr/bin/make" "cmTC_ec50d/fast"
/usr/bin/make -f CMakeFiles/cmTC_ec50d.dir/build.make CMakeFiles/cmTC_ec50d.dir/build
make[1]: Entering directory '/home/ubuntu/finalProject/build/catkin_tools_prebuild/CMakeFiles/CMakeTmp'
Building C object CMakeFiles/cmTC_ec50d.dir/CheckSymbolExists.c.o
/usr/bin/cc    -o CMakeFiles/cmTC_ec50d.dir/CheckSymbolExists.c.o   -c /home/ubuntu/finalProject/build/catkin_tools_prebuild/CMakeFiles/CMakeTmp/CheckSymbolExists.c
Linking C executable cmTC_ec50d
/usr/bin/cmake -E cmake_link_script CMakeFiles/cmTC_ec50d.dir/link.txt --verbose=1
/usr/bin/cc      -rdynamic CMakeFiles/cmTC_ec50d.dir/CheckSymbolExists.c.o  -o cmTC_ec50d 
CMakeFiles/cmTC_ec50d.dir/CheckSymbolExists.c.o: In function `main':
CheckSymbolExists.c:(.text+0x14): undefined reference to `pthread_create'
CheckSymbolExists.c:(.text+0x18): undefined reference to `pthread_create'
collect2: error: ld returned 1 exit status
CMakeFiles/cmTC_ec50d.dir/build.make:97: recipe for target 'cmTC_ec50d' failed
make[1]: *** [cmTC_ec50d] Error 1
make[1]: Leaving directory '/home/ubuntu/finalProject/build/catkin_tools_prebuild/CMakeFiles/CMakeTmp'
Makefile:126: recipe for target 'cmTC_ec50d/fast' failed
make: *** [cmTC_ec50d/fast] Error 2

File /home/ubuntu/finalProject/build/catkin_tools_prebuild/CMakeFiles/CMakeTmp/CheckSymbolExists.c:
/* */
#include <pthread.h>

int main(int argc, char** argv)
{
  (void)argv;
#ifndef pthread_create
  return ((int*)(&pthread_create))[argc];
#else
  (void)argc;
  return 0;
#endif
}

Determining if the function pthread_create exists in the pthreads failed with the following output:
Change Dir: /home/ubuntu/finalProject/build/catkin_tools_prebuild/CMakeFiles/CMakeTmp

Run Build Command:"/usr/bin/make" "cmTC_75f5a/fast"
/usr/bin/make -f CMakeFiles/cmTC_75f5a.dir/build.make CMakeFiles/cmTC_75f5a.dir/build
make[1]: Entering directory '/home/ubuntu/finalProject/build/catkin_tools_prebuild/CMakeFiles/CMakeTmp'
Building C object CMakeFiles/cmTC_75f5a.dir/CheckFunctionExists.c.o
/usr/bin/cc   -DCHECK_FUNCTION_EXISTS=pthread_create   -o CMakeFiles/cmTC_75f5a.dir/CheckFunctionExists.c.o   -c /usr/share/cmake-3.10/Modules/CheckFunctionExists.c
Linking C executable cmTC_75f5a
/usr/bin/cmake -E cmake_link_script CMakeFiles/cmTC_75f5a.dir/link.txt --verbose=1
/usr/bin/cc  -DCHECK_FUNCTION_EXISTS=pthread_create    -rdynamic CMakeFiles/cmTC_75f5a.dir/CheckFunctionExists.c.o  -o cmTC_75f5a -lpthreads 
/usr/bin/ld: cannot find -lpthreads
collect2: error: ld returned 1 exit status
CMakeFiles/cmTC_75f5a.dir/build.make:97: recipe for target 'cmTC_75f5a' failed
make[1]: *** [cmTC_75f5a] Error 1
make[1]: Leaving directory '/home/ubuntu/finalProject/build/catkin_tools_prebuild/CMakeFiles/CMakeTmp'
Makefile:126: recipe for target 'cmTC_75f5a/fast' failed
make: *** [cmTC_75f5a/fast] Error 2


