Determining if the pthread_create exist failed with the following output:
Change Dir: /home/ubuntu/finalProject/build/assignment/CMakeFiles/CMakeTmp

Run Build Command:"/usr/bin/make" "cmTC_7c08c/fast"
/usr/bin/make -f CMakeFiles/cmTC_7c08c.dir/build.make CMakeFiles/cmTC_7c08c.dir/build
make[1]: Entering directory '/home/ubuntu/finalProject/build/assignment/CMakeFiles/CMakeTmp'
Building C object CMakeFiles/cmTC_7c08c.dir/CheckSymbolExists.c.o
/usr/bin/cc    -o CMakeFiles/cmTC_7c08c.dir/CheckSymbolExists.c.o   -c /home/ubuntu/finalProject/build/assignment/CMakeFiles/CMakeTmp/CheckSymbolExists.c
Linking C executable cmTC_7c08c
/usr/bin/cmake -E cmake_link_script CMakeFiles/cmTC_7c08c.dir/link.txt --verbose=1
/usr/bin/cc      -rdynamic CMakeFiles/cmTC_7c08c.dir/CheckSymbolExists.c.o  -o cmTC_7c08c 
CMakeFiles/cmTC_7c08c.dir/CheckSymbolExists.c.o: In function `main':
CheckSymbolExists.c:(.text+0x14): undefined reference to `pthread_create'
CheckSymbolExists.c:(.text+0x18): undefined reference to `pthread_create'
collect2: error: ld returned 1 exit status
CMakeFiles/cmTC_7c08c.dir/build.make:97: recipe for target 'cmTC_7c08c' failed
make[1]: *** [cmTC_7c08c] Error 1
make[1]: Leaving directory '/home/ubuntu/finalProject/build/assignment/CMakeFiles/CMakeTmp'
Makefile:126: recipe for target 'cmTC_7c08c/fast' failed
make: *** [cmTC_7c08c/fast] Error 2

File /home/ubuntu/finalProject/build/assignment/CMakeFiles/CMakeTmp/CheckSymbolExists.c:
/* */
#include <pthread.h>

int main(int argc, char** argv)
{
  (void)argv;
#ifndef pthread_create
  return ((int*)(&pthread_create))[argc];
#else
  (void)argc;
  return 0;
#endif
}

Determining if the function pthread_create exists in the pthreads failed with the following output:
Change Dir: /home/ubuntu/finalProject/build/assignment/CMakeFiles/CMakeTmp

Run Build Command:"/usr/bin/make" "cmTC_ed22b/fast"
/usr/bin/make -f CMakeFiles/cmTC_ed22b.dir/build.make CMakeFiles/cmTC_ed22b.dir/build
make[1]: Entering directory '/home/ubuntu/finalProject/build/assignment/CMakeFiles/CMakeTmp'
Building C object CMakeFiles/cmTC_ed22b.dir/CheckFunctionExists.c.o
/usr/bin/cc   -DCHECK_FUNCTION_EXISTS=pthread_create   -o CMakeFiles/cmTC_ed22b.dir/CheckFunctionExists.c.o   -c /usr/share/cmake-3.10/Modules/CheckFunctionExists.c
Linking C executable cmTC_ed22b
/usr/bin/cmake -E cmake_link_script CMakeFiles/cmTC_ed22b.dir/link.txt --verbose=1
/usr/bin/cc  -DCHECK_FUNCTION_EXISTS=pthread_create    -rdynamic CMakeFiles/cmTC_ed22b.dir/CheckFunctionExists.c.o  -o cmTC_ed22b -lpthreads 
/usr/bin/ld: cannot find -lpthreads
collect2: error: ld returned 1 exit status
CMakeFiles/cmTC_ed22b.dir/build.make:97: recipe for target 'cmTC_ed22b' failed
make[1]: *** [cmTC_ed22b] Error 1
make[1]: Leaving directory '/home/ubuntu/finalProject/build/assignment/CMakeFiles/CMakeTmp'
Makefile:126: recipe for target 'cmTC_ed22b/fast' failed
make: *** [cmTC_ed22b/fast] Error 2


