[01m[K/home/ubuntu/finalProject/src/assignment/src/assignment_plugin.cpp:[m[K In member function '[01m[Kvirtual bool CS3891Planner::initialize(const RobotModelConstPtr&, const string&)[m[K':
[01m[K/home/ubuntu/finalProject/src/assignment/src/assignment_plugin.cpp:47:88:[m[K [01;31m[Kerror: [m[Kexpected '[01m[K)[m[K' before '[01m[K::[m[K' token
     group_name_sub = nh.subscribe("/move_group/motion_plan_request", 1, &&CS3891Planner[01;31m[K::[m[Kgroup_name_callback, this);
                                                                                        [01;31m[K^~[m[K
[01m[K/home/ubuntu/finalProject/src/assignment/src/assignment_plugin.cpp:47:115:[m[K [01;31m[Kerror: [m[Kno matching function for call to '[01m[Kros::NodeHandle::subscribe(const char [32], int, void*, CS3891Planner*)[m[K'
     group_name_sub = nh.subscribe("/move_group/motion_plan_request", 1, &&CS3891Planner::group_name_callback, this[01;31m[K)[m[K;
                                                                                                                   [01;31m[K^[m[K
In file included from [01m[K/opt/ros/melodic/include/ros/ros.h:45:0[m[K,
                 from [01m[K/home/ubuntu/finalProject/src/assignment/src/assignment_plugin.cpp:1[m[K:
[01m[K/opt/ros/melodic/include/ros/node_handle.h:402:14:[m[K [01;36m[Knote: [m[Kcandidate: template<class M, class T> ros::Subscriber ros::NodeHandle::subscribe(const string&, uint32_t, void (T::*)(M), T*, const ros::TransportHints&)
   Subscriber [01;36m[Ksubscribe[m[K(const std::string& topic, uint32_t queue_size, void(T::*fp)(M), T* obj,
              [01;36m[K^~~~~~~~~[m[K
[01m[K/opt/ros/melodic/include/ros/node_handle.h:402:14:[m[K [01;36m[Knote: [m[K  template argument deduction/substitution failed:
[01m[K/home/ubuntu/finalProject/src/assignment/src/assignment_plugin.cpp:47:115:[m[K [01;36m[Knote: [m[K  mismatched types '[01m[Kvoid (T::*)(M)[m[K' and '[01m[Kvoid*[m[K'
     group_name_sub = nh.subscribe("/move_group/motion_plan_request", 1, &&CS3891Planner::group_name_callback, this[01;36m[K)[m[K;
                                                                                                                   [01;36m[K^[m[K
In file included from [01m[K/opt/ros/melodic/include/ros/ros.h:45:0[m[K,
                 from [01m[K/home/ubuntu/finalProject/src/assignment/src/assignment_plugin.cpp:1[m[K:
[01m[K/opt/ros/melodic/include/ros/node_handle.h:413:14:[m[K [01;36m[Knote: [m[Kcandidate: template<class M, class T> ros::Subscriber ros::NodeHandle::subscribe(const string&, uint32_t, void (T::*)(M) const, T*, const ros::TransportHints&)
   Subscriber [01;36m[Ksubscribe[m[K(const std::string& topic, uint32_t queue_size, void(T::*fp)(M) const, T* obj,
              [01;36m[K^~~~~~~~~[m[K
[01m[K/opt/ros/melodic/include/ros/node_handle.h:413:14:[m[K [01;36m[Knote: [m[K  template argument deduction/substitution failed:
[01m[K/home/ubuntu/finalProject/src/assignment/src/assignment_plugin.cpp:47:115:[m[K [01;36m[Knote: [m[K  mismatched types '[01m[Kvoid (T::*)(M) const[m[K' and '[01m[Kvoid*[m[K'
     group_name_sub = nh.subscribe("/move_group/motion_plan_request", 1, &&CS3891Planner::group_name_callback, this[01;36m[K)[m[K;
                                                                                                                   [01;36m[K^[m[K
In file included from [01m[K/opt/ros/melodic/include/ros/ros.h:45:0[m[K,
                 from [01m[K/home/ubuntu/finalProject/src/assignment/src/assignment_plugin.cpp:1[m[K:
[01m[K/opt/ros/melodic/include/ros/node_handle.h:465:14:[m[K [01;36m[Knote: [m[Kcandidate: template<class M, class T> ros::Subscriber ros::NodeHandle::subscribe(const string&, uint32_t, void (T::*)(const boost::shared_ptr<const M>&), T*, const ros::TransportHints&)
   Subscriber [01;36m[Ksubscribe[m[K(const std::string& topic, uint32_t queue_size,
              [01;36m[K^~~~~~~~~[m[K
[01m[K/opt/ros/melodic/include/ros/node_handle.h:465:14:[m[K [01;36m[Knote: [m[K  template argument deduction/substitution failed:
[01m[K/home/ubuntu/finalProject/src/assignment/src/assignment_plugin.cpp:47:115:[m[K [01;36m[Knote: [m[K  mismatched types '[01m[Kvoid (T::*)(const boost::shared_ptr<const M>&)[m[K' and '[01m[Kvoid*[m[K'
     group_name_sub = nh.subscribe("/move_group/motion_plan_request", 1, &&CS3891Planner::group_name_callback, this[01;36m[K)[m[K;
                                                                                                                   [01;36m[K^[m[K
In file included from [01m[K/opt/ros/melodic/include/ros/ros.h:45:0[m[K,
                 from [01m[K/home/ubuntu/finalProject/src/assignment/src/assignment_plugin.cpp:1[m[K:
[01m[K/opt/ros/melodic/include/ros/node_handle.h:475:14:[m[K [01;36m[Knote: [m[Kcandidate: template<class M, class T> ros::Subscriber ros::NodeHandle::subscribe(const string&, uint32_t, void (T::*)(const boost::shared_ptr<const M>&) const, T*, const ros::TransportHints&)
   Subscriber [01;36m[Ksubscribe[m[K(const std::string& topic, uint32_t queue_size,
              [01;36m[K^~~~~~~~~[m[K
[01m[K/opt/ros/melodic/include/ros/node_handle.h:475:14:[m[K [01;36m[Knote: [m[K  template argument deduction/substitution failed:
[01m[K/home/ubuntu/finalProject/src/assignment/src/assignment_plugin.cpp:47:115:[m[K [01;36m[Knote: [m[K  mismatched types '[01m[Kvoid (T::*)(const boost::shared_ptr<const M>&) const[m[K' and '[01m[Kvoid*[m[K'
     group_name_sub = nh.subscribe("/move_group/motion_plan_request", 1, &&CS3891Planner::group_name_callback, this[01;36m[K)[m[K;
                                                                                                                   [01;36m[K^[m[K
In file included from [01m[K/opt/ros/melodic/include/ros/ros.h:45:0[m[K,
                 from [01m[K/home/ubuntu/finalProject/src/assignment/src/assignment_plugin.cpp:1[m[K:
[01m[K/opt/ros/melodic/include/ros/node_handle.h:529:14:[m[K [01;36m[Knote: [m[Kcandidate: template<class M, class T> ros::Subscriber ros::NodeHandle::subscribe(const string&, uint32_t, void (T::*)(M), const boost::shared_ptr<U>&, const ros::TransportHints&)
   Subscriber [01;36m[Ksubscribe[m[K(const std::string& topic, uint32_t queue_size, void(T::*fp)(M),
              [01;36m[K^~~~~~~~~[m[K
[01m[K/opt/ros/melodic/include/ros/node_handle.h:529:14:[m[K [01;36m[Knote: [m[K  template argument deduction/substitution failed:
[01m[K/home/ubuntu/finalProject/src/assignment/src/assignment_plugin.cpp:47:115:[m[K [01;36m[Knote: [m[K  mismatched types '[01m[Kvoid (T::*)(M)[m[K' and '[01m[Kvoid*[m[K'
     group_name_sub = nh.subscribe("/move_group/motion_plan_request", 1, &&CS3891Planner::group_name_callback, this[01;36m[K)[m[K;
                                                                                                                   [01;36m[K^[m[K
In file included from [01m[K/opt/ros/melodic/include/ros/ros.h:45:0[m[K,
                 from [01m[K/home/ubuntu/finalProject/src/assignment/src/assignment_plugin.cpp:1[m[K:
[01m[K/opt/ros/melodic/include/ros/node_handle.h:540:14:[m[K [01;36m[Knote: [m[Kcandidate: template<class M, class T> ros::Subscriber ros::NodeHandle::subscribe(const string&, uint32_t, void (T::*)(M) const, const boost::shared_ptr<U>&, const ros::TransportHints&)
   Subscriber [01;36m[Ksubscribe[m[K(const std::string& topic, uint32_t queue_size, void(T::*fp)(M) const,
              [01;36m[K^~~~~~~~~[m[K
[01m[K/opt/ros/melodic/include/ros/node_handle.h:540:14:[m[K [01;36m[Knote: [m[K  template argument deduction/substitution failed:
[01m[K/home/ubuntu/finalProject/src/assignment/src/assignment_plugin.cpp:47:115:[m[K [01;36m[Knote: [m[K  mismatched types '[01m[Kvoid (T::*)(M) const[m[K' and '[01m[Kvoid*[m[K'
     group_name_sub = nh.subscribe("/move_group/motion_plan_request", 1, &&CS3891Planner::group_name_callback, this[01;36m[K)[m[K;
                                                                                                                   [01;36m[K^[m[K
In file included from [01m[K/opt/ros/melodic/include/ros/ros.h:45:0[m[K,
                 from [01m[K/home/ubuntu/finalProject/src/assignment/src/assignment_plugin.cpp:1[m[K:
[01m[K/opt/ros/melodic/include/ros/node_handle.h:594:14:[m[K [01;36m[Knote: [m[Kcandidate: template<class M, class T> ros::Subscriber ros::NodeHandle::subscribe(const string&, uint32_t, void (T::*)(const boost::shared_ptr<const M>&), const boost::shared_ptr<U>&, const ros::TransportHints&)
   Subscriber [01;36m[Ksubscribe[m[K(const std::string& topic, uint32_t queue_size,
              [01;36m[K^~~~~~~~~[m[K
[01m[K/opt/ros/melodic/include/ros/node_handle.h:594:14:[m[K [01;36m[Knote: [m[K  template argument deduction/substitution failed:
[01m[K/home/ubuntu/finalProject/src/assignment/src/assignment_plugin.cpp:47:115:[m[K [01;36m[Knote: [m[K  mismatched types '[01m[Kvoid (T::*)(const boost::shared_ptr<const M>&)[m[K' and '[01m[Kvoid*[m[K'
     group_name_sub = nh.subscribe("/move_group/motion_plan_request", 1, &&CS3891Planner::group_name_callback, this[01;36m[K)[m[K;
                                                                                                                   [01;36m[K^[m[K
In file included from [01m[K/opt/ros/melodic/include/ros/ros.h:45:0[m[K,
                 from [01m[K/home/ubuntu/finalProject/src/assignment/src/assignment_plugin.cpp:1[m[K:
[01m[K/opt/ros/melodic/include/ros/node_handle.h:605:14:[m[K [01;36m[Knote: [m[Kcandidate: template<class M, class T> ros::Subscriber ros::NodeHandle::subscribe(const string&, uint32_t, void (T::*)(const boost::shared_ptr<const M>&) const, const boost::shared_ptr<U>&, const ros::TransportHints&)
   Subscriber [01;36m[Ksubscribe[m[K(const std::string& topic, uint32_t queue_size,
              [01;36m[K^~~~~~~~~[m[K
[01m[K/opt/ros/melodic/include/ros/node_handle.h:605:14:[m[K [01;36m[Knote: [m[K  template argument deduction/substitution failed:
[01m[K/home/ubuntu/finalProject/src/assignment/src/assignment_plugin.cpp:47:115:[m[K [01;36m[Knote: [m[K  mismatched types '[01m[Kvoid (T::*)(const boost::shared_ptr<const M>&) const[m[K' and '[01m[Kvoid*[m[K'
     group_name_sub = nh.subscribe("/move_group/motion_plan_request", 1, &&CS3891Planner::group_name_callback, this[01;36m[K)[m[K;
                                                                                                                   [01;36m[K^[m[K
In file included from [01m[K/opt/ros/melodic/include/ros/ros.h:45:0[m[K,
                 from [01m[K/home/ubuntu/finalProject/src/assignment/src/assignment_plugin.cpp:1[m[K:
[01m[K/opt/ros/melodic/include/ros/node_handle.h:656:14:[m[K [01;36m[Knote: [m[Kcandidate: template<class M> ros::Subscriber ros::NodeHandle::subscribe(const string&, uint32_t, void (*)(M), const ros::TransportHints&)
   Subscriber [01;36m[Ksubscribe[m[K(const std::string& topic, uint32_t queue_size, void(*fp)(M), const TransportHints& transport_hints = TransportHints())
              [01;36m[K^~~~~~~~~[m[K
[01m[K/opt/ros/melodic/include/ros/node_handle.h:656:14:[m[K [01;36m[Knote: [m[K  template argument deduction/substitution failed:
[01m[K/home/ubuntu/finalProject/src/assignment/src/assignment_plugin.cpp:47:115:[m[K [01;36m[Knote: [m[K  mismatched types '[01m[Kvoid(M)[m[K' and '[01m[Kvoid[m[K'
     group_name_sub = nh.subscribe("/move_group/motion_plan_request", 1, &&CS3891Planner::group_name_callback, this[01;36m[K)[m[K;
                                                                                                                   [01;36m[K^[m[K
In file included from [01m[K/opt/ros/melodic/include/ros/ros.h:45:0[m[K,
                 from [01m[K/home/ubuntu/finalProject/src/assignment/src/assignment_plugin.cpp:1[m[K:
[01m[K/opt/ros/melodic/include/ros/node_handle.h:704:14:[m[K [01;36m[Knote: [m[Kcandidate: template<class M> ros::Subscriber ros::NodeHandle::subscribe(const string&, uint32_t, void (*)(const boost::shared_ptr<const M>&), const ros::TransportHints&)
   Subscriber [01;36m[Ksubscribe[m[K(const std::string& topic, uint32_t queue_size, void(*fp)(const boost::shared_ptr<M const>&), const TransportHints& transport_hints = TransportHints())
              [01;36m[K^~~~~~~~~[m[K
[01m[K/opt/ros/melodic/include/ros/node_handle.h:704:14:[m[K [01;36m[Knote: [m[K  template argument deduction/substitution failed:
[01m[K/home/ubuntu/finalProject/src/assignment/src/assignment_plugin.cpp:47:115:[m[K [01;36m[Knote: [m[K  mismatched types '[01m[Kvoid(const boost::shared_ptr<const M>&)[m[K' and '[01m[Kvoid[m[K'
     group_name_sub = nh.subscribe("/move_group/motion_plan_request", 1, &&CS3891Planner::group_name_callback, this[01;36m[K)[m[K;
                                                                                                                   [01;36m[K^[m[K
In file included from [01m[K/opt/ros/melodic/include/ros/ros.h:45:0[m[K,
                 from [01m[K/home/ubuntu/finalProject/src/assignment/src/assignment_plugin.cpp:1[m[K:
[01m[K/opt/ros/melodic/include/ros/node_handle.h:750:14:[m[K [01;36m[Knote: [m[Kcandidate: template<class M> ros::Subscriber ros::NodeHandle::subscribe(const string&, uint32_t, const boost::function<void(const boost::shared_ptr<const M>&)>&, const VoidConstPtr&, const ros::TransportHints&)
   Subscriber [01;36m[Ksubscribe[m[K(const std::string& topic, uint32_t queue_size, const boost::function<void (const boost::shared_ptr<M const>&)>& callback,
              [01;36m[K^~~~~~~~~[m[K
[01m[K/opt/ros/melodic/include/ros/node_handle.h:750:14:[m[K [01;36m[Knote: [m[K  template argument deduction/substitution failed:
[01m[K/home/ubuntu/finalProject/src/assignment/src/assignment_plugin.cpp:47:115:[m[K [01;36m[Knote: [m[K  mismatched types '[01m[Kconst boost::function<void(const boost::shared_ptr<const M>&)>[m[K' and '[01m[Kvoid*[m[K'
     group_name_sub = nh.subscribe("/move_group/motion_plan_request", 1, &&CS3891Planner::group_name_callback, this[01;36m[K)[m[K;
                                                                                                                   [01;36m[K^[m[K
In file included from [01m[K/opt/ros/melodic/include/ros/ros.h:45:0[m[K,
                 from [01m[K/home/ubuntu/finalProject/src/assignment/src/assignment_plugin.cpp:1[m[K:
[01m[K/opt/ros/melodic/include/ros/node_handle.h:799:14:[m[K [01;36m[Knote: [m[Kcandidate: template<class M, class C> ros::Subscriber ros::NodeHandle::subscribe(const string&, uint32_t, const boost::function<void(C)>&, const VoidConstPtr&, const ros::TransportHints&)
   Subscriber [01;36m[Ksubscribe[m[K(const std::string& topic, uint32_t queue_size, const boost::function<void (C)>& callback,
              [01;36m[K^~~~~~~~~[m[K
[01m[K/opt/ros/melodic/include/ros/node_handle.h:799:14:[m[K [01;36m[Knote: [m[K  template argument deduction/substitution failed:
[01m[K/home/ubuntu/finalProject/src/assignment/src/assignment_plugin.cpp:47:115:[m[K [01;36m[Knote: [m[K  mismatched types '[01m[Kconst boost::function<void(C)>[m[K' and '[01m[Kvoid*[m[K'
     group_name_sub = nh.subscribe("/move_group/motion_plan_request", 1, &&CS3891Planner::group_name_callback, this[01;36m[K)[m[K;
                                                                                                                   [01;36m[K^[m[K
In file included from [01m[K/opt/ros/melodic/include/ros/ros.h:45:0[m[K,
                 from [01m[K/home/ubuntu/finalProject/src/assignment/src/assignment_plugin.cpp:1[m[K:
[01m[K/opt/ros/melodic/include/ros/node_handle.h:836:14:[m[K [01;36m[Knote: [m[Kcandidate: ros::Subscriber ros::NodeHandle::subscribe(ros::SubscribeOptions&)
   Subscriber [01;36m[Ksubscribe[m[K(SubscribeOptions& ops);
              [01;36m[K^~~~~~~~~[m[K
[01m[K/opt/ros/melodic/include/ros/node_handle.h:836:14:[m[K [01;36m[Knote: [m[K  candidate expects 1 argument, 4 provided
[01m[K/home/ubuntu/finalProject/src/assignment/src/assignment_plugin.cpp:47:75:[m[K [01;31m[Kerror: [m[Klabel '[01m[KCS3891Planner[m[K' used but not defined
     group_name_sub = nh.subscribe("/move_group/motion_plan_request", 1, &&[01;31m[KCS3891Planner[m[K::group_name_callback, this);
                                                                           [01;31m[K^~~~~~~~~~~~~[m[K
make[2]: *** [CMakeFiles/assignment_plugin.dir/src/assignment_plugin.cpp.o] Error 1
make[1]: *** [CMakeFiles/assignment_plugin.dir/all] Error 2
make: *** [all] Error 2
