In file included from [01m[K/home/ubuntu/finalProject/src/assignment/src/assignment_plugin.cpp:11:0[m[K:
[01m[K/opt/ros/melodic/include/class_loader/class_loader.h:36:2:[m[K [01;35m[Kwarning: [m[K#warning Including header <class_loader/class_loader.h> is deprecated, include <class_loader/class_loader.hpp> instead. [[01;35m[K-Wcpp[m[K]
 #[01;35m[Kwarning[m[K Including header <class_loader/class_loader.h> is deprecated, \
  [01;35m[K^~~~~~~[m[K
[01m[K/home/ubuntu/finalProject/src/assignment/src/assignment_plugin.cpp:[m[K In member function '[01m[Kvirtual planning_interface::PlanningContextPtr CS3891Planner::getPlanningContext(const PlanningSceneConstPtr&, const MotionPlanRequest&, moveit_msgs::MoveItErrorCodes&) const[m[K':
[01m[K/home/ubuntu/finalProject/src/assignment/src/assignment_plugin.cpp:81:32:[m[K [01;31m[Kerror: [m[Kpassing '[01m[Kconst _goal_constraints_type {aka const std::vector<moveit_msgs::Constraints_<std::allocator<void> >, std::allocator<moveit_msgs::Constraints_<std::allocator<void> > > >}[m[K' as '[01m[Kthis[m[K' argument discards qualifiers [[01;31m[K-fpermissive[m[K]
     req.goal_constraints.clear([01;31m[K)[m[K;
                                [01;31m[K^[m[K
In file included from [01m[K/usr/include/c++/7/vector:64:0[m[K,
                 from [01m[K/usr/include/boost/math/special_functions/math_fwd.hpp:26[m[K,
                 from [01m[K/usr/include/boost/math/special_functions/round.hpp:15[m[K,
                 from [01m[K/opt/ros/melodic/include/ros/time.h:58[m[K,
                 from [01m[K/opt/ros/melodic/include/ros/ros.h:38[m[K,
                 from [01m[K/home/ubuntu/finalProject/src/assignment/src/assignment_plugin.cpp:1[m[K:
[01m[K/usr/include/c++/7/bits/stl_vector.h:1247:7:[m[K [01;36m[Knote: [m[K  in call to '[01m[Kvoid std::vector<_Tp, _Alloc>::clear() [with _Tp = moveit_msgs::Constraints_<std::allocator<void> >; _Alloc = std::allocator<moveit_msgs::Constraints_<std::allocator<void> > >][m[K'
       [01;36m[Kclear[m[K() _GLIBCXX_NOEXCEPT
       [01;36m[K^~~~~[m[K
[01m[K/home/ubuntu/finalProject/src/assignment/src/assignment_plugin.cpp:82:71:[m[K [01;31m[Kerror: [m[K'[01m[KconstructGoalConstraints[m[K' is not a member of '[01m[Kkinematic_constraints[m[K'
     moveit_msgs::Constraints goal_constraint = kinematic_constraints::[01;31m[KconstructGoalConstraints[m[K(
                                                                       [01;31m[K^~~~~~~~~~~~~~~~~~~~~~~~[m[K
[01m[K/home/ubuntu/finalProject/src/assignment/src/assignment_plugin.cpp:82:71:[m[K [01;36m[Knote: [m[Ksuggested alternative: '[01m[KPositionConstraint[m[K'
     moveit_msgs::Constraints goal_constraint = kinematic_constraints::[01;36m[KconstructGoalConstraints[m[K(
                                                                       [01;36m[K^~~~~~~~~~~~~~~~~~~~~~~~[m[K
                                                                       [32m[KPositionConstraint[m[K
[01m[K/home/ubuntu/finalProject/src/assignment/src/assignment_plugin.cpp:87:51:[m[K [01;31m[Kerror: [m[Kpassing '[01m[Kconst _goal_constraints_type {aka const std::vector<moveit_msgs::Constraints_<std::allocator<void> >, std::allocator<moveit_msgs::Constraints_<std::allocator<void> > > >}[m[K' as '[01m[Kthis[m[K' argument discards qualifiers [[01;31m[K-fpermissive[m[K]
     req.goal_constraints.push_back(goal_constraint[01;31m[K)[m[K;
                                                   [01;31m[K^[m[K
In file included from [01m[K/usr/include/c++/7/vector:64:0[m[K,
                 from [01m[K/usr/include/boost/math/special_functions/math_fwd.hpp:26[m[K,
                 from [01m[K/usr/include/boost/math/special_functions/round.hpp:15[m[K,
                 from [01m[K/opt/ros/melodic/include/ros/time.h:58[m[K,
                 from [01m[K/opt/ros/melodic/include/ros/ros.h:38[m[K,
                 from [01m[K/home/ubuntu/finalProject/src/assignment/src/assignment_plugin.cpp:1[m[K:
[01m[K/usr/include/c++/7/bits/stl_vector.h:939:7:[m[K [01;36m[Knote: [m[K  in call to '[01m[Kvoid std::vector<_Tp, _Alloc>::push_back(const value_type&) [with _Tp = moveit_msgs::Constraints_<std::allocator<void> >; _Alloc = std::allocator<moveit_msgs::Constraints_<std::allocator<void> > >; std::vector<_Tp, _Alloc>::value_type = moveit_msgs::Constraints_<std::allocator<void> >][m[K'
       [01;36m[Kpush_back[m[K(const value_type& __x)
       [01;36m[K^~~~~~~~~[m[K
make[2]: *** [CMakeFiles/assignment_plugin.dir/src/assignment_plugin.cpp.o] Error 1
make[1]: *** [CMakeFiles/assignment_plugin.dir/all] Error 2
make: *** [all] Error 2
