[01m[K/home/ubuntu/finalProject/src/assignment/src/assignment_plugin.cpp:52:44:[m[K [01;31m[Kerror: [m[K'[01m[KStringConstPtr[m[K' in namespace '[01m[Kstd_msgs[m[K' does not name a type
   void group_name_callback(const std_msgs::[01;31m[KStringConstPtr[m[K& msg)
                                            [01;31m[K^~~~~~~~~~~~~~[m[K
[01m[K/home/ubuntu/finalProject/src/assignment/src/assignment_plugin.cpp:[m[K In member function '[01m[Kvirtual bool CS3891Planner::initialize(const RobotModelConstPtr&, const string&)[m[K':
[01m[K/home/ubuntu/finalProject/src/assignment/src/assignment_plugin.cpp:45:5:[m[K [01;31m[Kerror: [m[K'[01m[Kgroup_name_sub[m[K' was not declared in this scope
     [01;31m[Kgroup_name_sub[m[K = nh.subscribe("/move_group/set_planner_id", 1, &CS3891Planner::group_name_callback, this);
     [01;31m[K^~~~~~~~~~~~~~[m[K
[01m[K/home/ubuntu/finalProject/src/assignment/src/assignment_plugin.cpp:45:5:[m[K [01;36m[Knote: [m[Ksuggested alternative: '[01m[Kgroup_name[m[K'
     [01;36m[Kgroup_name_sub[m[K = nh.subscribe("/move_group/set_planner_id", 1, &CS3891Planner::group_name_callback, this);
     [01;36m[K^~~~~~~~~~~~~~[m[K
     [32m[Kgroup_name[m[K
[01m[K/home/ubuntu/finalProject/src/assignment/src/assignment_plugin.cpp:[m[K In member function '[01m[Kvoid CS3891Planner::group_name_callback(const int&)[m[K':
[01m[K/home/ubuntu/finalProject/src/assignment/src/assignment_plugin.cpp:54:7:[m[K [01;31m[Kerror: [m[K'[01m[Kgroup_name[m[K' was not declared in this scope
       [01;31m[Kgroup_name[m[K = msg->data;
       [01;31m[K^~~~~~~~~~[m[K
[01m[K/home/ubuntu/finalProject/src/assignment/src/assignment_plugin.cpp:54:7:[m[K [01;36m[Knote: [m[Ksuggested alternative: '[01m[Kgroup_member[m[K'
       [01;36m[Kgroup_name[m[K = msg->data;
       [01;36m[K^~~~~~~~~~[m[K
       [32m[Kgroup_member[m[K
[01m[K/home/ubuntu/finalProject/src/assignment/src/assignment_plugin.cpp:54:23:[m[K [01;31m[Kerror: [m[Kbase operand of '[01m[K->[m[K' is not a pointer
       group_name = msg[01;31m[K->[m[Kdata;
                       [01;31m[K^~[m[K
In file included from [01m[K/opt/ros/melodic/include/ros/serialization.h:37:0[m[K,
                 from [01m[K/opt/ros/melodic/include/ros/publisher.h:34[m[K,
                 from [01m[K/opt/ros/melodic/include/ros/node_handle.h:32[m[K,
                 from [01m[K/opt/ros/melodic/include/ros/ros.h:45[m[K,
                 from [01m[K/home/ubuntu/finalProject/src/assignment/src/assignment_plugin.cpp:1[m[K:
/opt/ros/melodic/include/ros/message_traits.h: In instantiation of '[01m[Kstatic const char* ros::message_traits::MD5Sum<M>::value() [with M = int][m[K':
[01m[K/opt/ros/melodic/include/ros/message_traits.h:227:102:[m[K   required from '[01m[Kconst char* ros::message_traits::md5sum() [with M = int][m[K'
[01m[K/opt/ros/melodic/include/ros/subscribe_options.h:89:49:[m[K   required from '[01m[Kvoid ros::SubscribeOptions::initByFullCallbackType(const string&, uint32_t, const boost::function<void(P)>&, const boost::function<boost::shared_ptr<typename ros::ParameterAdapter<P>::Message>()>&) [with P = const int&; std::__cxx11::string = std::__cxx11::basic_string<char>; uint32_t = unsigned int; typename ros::ParameterAdapter<P>::Message = int][m[K'
[01m[K/opt/ros/melodic/include/ros/node_handle.h:406:5:[m[K   required from '[01m[Kros::Subscriber ros::NodeHandle::subscribe(const string&, uint32_t, void (T::*)(M), T*, const ros::TransportHints&) [with M = const int&; T = CS3891Planner; std::__cxx11::string = std::__cxx11::basic_string<char>; uint32_t = unsigned int][m[K'
[01m[K/home/ubuntu/finalProject/src/assignment/src/assignment_plugin.cpp:45:109:[m[K   required from here
[01m[K/opt/ros/melodic/include/ros/message_traits.h:120:28:[m[K [01;31m[Kerror: [m[K'[01m[K__s_getMD5Sum[m[K' is not a member of '[01m[Kint[m[K'
     return [01;31m[KM::__s_getMD5Sum()[m[K.c_str();
            [01;31m[K~~~~~~~~~~~~~~~~^~[m[K
/opt/ros/melodic/include/ros/message_traits.h: In instantiation of '[01m[Kstatic const char* ros::message_traits::DataType<M>::value() [with M = int][m[K':
[01m[K/opt/ros/melodic/include/ros/message_traits.h:236:104:[m[K   required from '[01m[Kconst char* ros::message_traits::datatype() [with M = int][m[K'
[01m[K/opt/ros/melodic/include/ros/subscribe_options.h:90:53:[m[K   required from '[01m[Kvoid ros::SubscribeOptions::initByFullCallbackType(const string&, uint32_t, const boost::function<void(P)>&, const boost::function<boost::shared_ptr<typename ros::ParameterAdapter<P>::Message>()>&) [with P = const int&; std::__cxx11::string = std::__cxx11::basic_string<char>; uint32_t = unsigned int; typename ros::ParameterAdapter<P>::Message = int][m[K'
[01m[K/opt/ros/melodic/include/ros/node_handle.h:406:5:[m[K   required from '[01m[Kros::Subscriber ros::NodeHandle::subscribe(const string&, uint32_t, void (T::*)(M), T*, const ros::TransportHints&) [with M = const int&; T = CS3891Planner; std::__cxx11::string = std::__cxx11::basic_string<char>; uint32_t = unsigned int][m[K'
[01m[K/home/ubuntu/finalProject/src/assignment/src/assignment_plugin.cpp:45:109:[m[K   required from here
[01m[K/opt/ros/melodic/include/ros/message_traits.h:137:30:[m[K [01;31m[Kerror: [m[K'[01m[K__s_getDataType[m[K' is not a member of '[01m[Kint[m[K'
     return [01;31m[KM::__s_getDataType()[m[K.c_str();
            [01;31m[K~~~~~~~~~~~~~~~~~~^~[m[K
make[2]: *** [CMakeFiles/assignment_plugin.dir/src/assignment_plugin.cpp.o] Error 1
make[1]: *** [CMakeFiles/assignment_plugin.dir/all] Error 2
make: *** [all] Error 2
