In file included from [01m[K/home/ubuntu/finalProject/src/assignment/src/assignment_plugin.cpp:11:0[m[K:
[01m[K/opt/ros/melodic/include/class_loader/class_loader.h:36:2:[m[K [01;35m[Kwarning: [m[K#warning Including header <class_loader/class_loader.h> is deprecated, include <class_loader/class_loader.hpp> instead. [[01;35m[K-Wcpp[m[K]
 #[01;35m[Kwarning[m[K Including header <class_loader/class_loader.h> is deprecated, \
  [01;35m[K^~~~~~~[m[K
[01m[K/home/ubuntu/finalProject/src/assignment/src/assignment_plugin.cpp:[m[K In member function '[01m[Kvirtual planning_interface::PlanningContextPtr CS3891Planner::getPlanningContext(const PlanningSceneConstPtr&, const MotionPlanRequest&, moveit_msgs::MoveItErrorCodes&) const[m[K':
[01m[K/home/ubuntu/finalProject/src/assignment/src/assignment_plugin.cpp:74:91:[m[K [01;31m[Kerror: [m[Kpassing '[01m[Kstd::__shared_ptr_access<const planning_scene::PlanningScene, (__gnu_cxx::_Lock_policy)2, false, false>::element_type {aka const planning_scene::PlanningScene}[m[K' as '[01m[Kthis[m[K' argument discards qualifiers [[01;31m[K-fpermissive[m[K]
 moveit::core::RobotState robot_state(context->getPlanningScene()->getCurrentStateNonConst([01;31m[K)[m[K);
                                                                                           [01;31m[K^[m[K
In file included from [01m[K/home/ubuntu/finalProject/src/assignment/src/assignment_plugin.cpp:6:0[m[K:
[01m[K/opt/ros/melodic/include/moveit/planning_scene/planning_scene.h:153:28:[m[K [01;36m[Knote: [m[K  in call to '[01m[Kmoveit::core::RobotState& planning_scene::PlanningScene::getCurrentStateNonConst()[m[K'
   robot_state::RobotState& [01;36m[KgetCurrentStateNonConst[m[K();
                            [01;36m[K^~~~~~~~~~~~~~~~~~~~~~~[m[K
[01m[K/home/ubuntu/finalProject/src/assignment/src/assignment_plugin.cpp:83:61:[m[K [01;31m[Kerror: [m[K'[01m[KconstructGoalConstraints[m[K' is not a member of '[01m[Kkinematic_constraints[m[K'
 moveit_msgs::Constraints pose_goal = kinematic_constraints::[01;31m[KconstructGoalConstraints[m[K("left_arm_joint8", target_pose);
                                                             [01;31m[K^~~~~~~~~~~~~~~~~~~~~~~~[m[K
[01m[K/home/ubuntu/finalProject/src/assignment/src/assignment_plugin.cpp:83:61:[m[K [01;36m[Knote: [m[Ksuggested alternative: '[01m[KPositionConstraint[m[K'
 moveit_msgs::Constraints pose_goal = kinematic_constraints::[01;36m[KconstructGoalConstraints[m[K("left_arm_joint8", target_pose);
                                                             [01;36m[K^~~~~~~~~~~~~~~~~~~~~~~~[m[K
                                                             [32m[KPositionConstraint[m[K
make[2]: *** [CMakeFiles/assignment_plugin.dir/src/assignment_plugin.cpp.o] Error 1
make[1]: *** [CMakeFiles/assignment_plugin.dir/all] Error 2
make: *** [all] Error 2
