[01m[K/home/ubuntu/finalProject/src/assignment/src/assignment_context.cpp:[m[K In member function '[01m[Kvirtual bool CS3891Context::solve(planning_interface::MotionPlanResponse&)[m[K':
[01m[K/home/ubuntu/finalProject/src/assignment/src/assignment_context.cpp:263:74:[m[K [01;31m[Kerror: [m[Kno matching function for call to '[01m[Kmoveit::core::RobotState::setJointGroupPositions(const std::vector<std::__cxx11::basic_string<char> >&, CS3891Context::vertex&)[m[K'
   robotstate.setJointGroupPositions(robotstate.getVariableNames(), q_init[01;31m[K)[m[K;
                                                                          [01;31m[K^[m[K
In file included from [01m[K/opt/ros/melodic/include/moveit/robot_trajectory/robot_trajectory.h:41:0[m[K,
                 from [01m[K/opt/ros/melodic/include/moveit/planning_interface/planning_response.h:40[m[K,
                 from [01m[K/opt/ros/melodic/include/moveit/planning_interface/planning_interface.h:42[m[K,
                 from [01m[K/home/ubuntu/finalProject/src/assignment/src/assignment_context.h:2[m[K,
                 from [01m[K/home/ubuntu/finalProject/src/assignment/src/assignment_context.cpp:1[m[K:
[01m[K/opt/ros/melodic/include/moveit/robot_state/robot_state.h:645:8:[m[K [01;36m[Knote: [m[Kcandidate: void moveit::core::RobotState::setJointGroupPositions(const string&, const double*)
   void [01;36m[KsetJointGroupPositions[m[K(const std::string& joint_group_name, const double* gstate)
        [01;36m[K^~~~~~~~~~~~~~~~~~~~~~[m[K
[01m[K/opt/ros/melodic/include/moveit/robot_state/robot_state.h:645:8:[m[K [01;36m[Knote: [m[K  no known conversion for argument 1 from '[01m[Kconst std::vector<std::__cxx11::basic_string<char> >[m[K' to '[01m[Kconst string& {aka const std::__cxx11::basic_string<char>&}[m[K'
[01m[K/opt/ros/melodic/include/moveit/robot_state/robot_state.h:655:8:[m[K [01;36m[Knote: [m[Kcandidate: void moveit::core::RobotState::setJointGroupPositions(const string&, const std::vector<double>&)
   void [01;36m[KsetJointGroupPositions[m[K(const std::string& joint_group_name, const std::vector<double>& gstate)
        [01;36m[K^~~~~~~~~~~~~~~~~~~~~~[m[K
[01m[K/opt/ros/melodic/include/moveit/robot_state/robot_state.h:655:8:[m[K [01;36m[Knote: [m[K  no known conversion for argument 1 from '[01m[Kconst std::vector<std::__cxx11::basic_string<char> >[m[K' to '[01m[Kconst string& {aka const std::__cxx11::basic_string<char>&}[m[K'
[01m[K/opt/ros/melodic/include/moveit/robot_state/robot_state.h:668:8:[m[K [01;36m[Knote: [m[Kcandidate: void moveit::core::RobotState::setJointGroupPositions(const moveit::core::JointModelGroup*, const std::vector<double>&)
   void [01;36m[KsetJointGroupPositions[m[K(const JointModelGroup* group, const std::vector<double>& gstate)
        [01;36m[K^~~~~~~~~~~~~~~~~~~~~~[m[K
[01m[K/opt/ros/melodic/include/moveit/robot_state/robot_state.h:668:8:[m[K [01;36m[Knote: [m[K  no known conversion for argument 1 from '[01m[Kconst std::vector<std::__cxx11::basic_string<char> >[m[K' to '[01m[Kconst moveit::core::JointModelGroup*[m[K'
[01m[K/opt/ros/melodic/include/moveit/robot_state/robot_state.h:677:8:[m[K [01;36m[Knote: [m[Kcandidate: void moveit::core::RobotState::setJointGroupPositions(const moveit::core::JointModelGroup*, const double*)
   void [01;36m[KsetJointGroupPositions[m[K(const JointModelGroup* group, const double* gstate);
        [01;36m[K^~~~~~~~~~~~~~~~~~~~~~[m[K
[01m[K/opt/ros/melodic/include/moveit/robot_state/robot_state.h:677:8:[m[K [01;36m[Knote: [m[K  no known conversion for argument 1 from '[01m[Kconst std::vector<std::__cxx11::basic_string<char> >[m[K' to '[01m[Kconst moveit::core::JointModelGroup*[m[K'
[01m[K/opt/ros/melodic/include/moveit/robot_state/robot_state.h:682:8:[m[K [01;36m[Knote: [m[Kcandidate: void moveit::core::RobotState::setJointGroupPositions(const string&, const VectorXd&)
   void [01;36m[KsetJointGroupPositions[m[K(const std::string& joint_group_name, const Eigen::VectorXd& values)
        [01;36m[K^~~~~~~~~~~~~~~~~~~~~~[m[K
[01m[K/opt/ros/melodic/include/moveit/robot_state/robot_state.h:682:8:[m[K [01;36m[Knote: [m[K  no known conversion for argument 1 from '[01m[Kconst std::vector<std::__cxx11::basic_string<char> >[m[K' to '[01m[Kconst string& {aka const std::__cxx11::basic_string<char>&}[m[K'
[01m[K/opt/ros/melodic/include/moveit/robot_state/robot_state.h:695:8:[m[K [01;36m[Knote: [m[Kcandidate: void moveit::core::RobotState::setJointGroupPositions(const moveit::core::JointModelGroup*, const VectorXd&)
   void [01;36m[KsetJointGroupPositions[m[K(const JointModelGroup* group, const Eigen::VectorXd& values);
        [01;36m[K^~~~~~~~~~~~~~~~~~~~~~[m[K
[01m[K/opt/ros/melodic/include/moveit/robot_state/robot_state.h:695:8:[m[K [01;36m[Knote: [m[K  no known conversion for argument 1 from '[01m[Kconst std::vector<std::__cxx11::basic_string<char> >[m[K' to '[01m[Kconst moveit::core::JointModelGroup*[m[K'
[01m[K/home/ubuntu/finalProject/src/assignment/src/assignment_context.cpp:265:74:[m[K [01;31m[Kerror: [m[Kno matching function for call to '[01m[Kmoveit::core::RobotState::setJointGroupPositions(const std::vector<std::__cxx11::basic_string<char> >&, CS3891Context::vertex&)[m[K'
   robotstate.setJointGroupPositions(robotstate.getVariableNames(), q_goal[01;31m[K)[m[K;
                                                                          [01;31m[K^[m[K
In file included from [01m[K/opt/ros/melodic/include/moveit/robot_trajectory/robot_trajectory.h:41:0[m[K,
                 from [01m[K/opt/ros/melodic/include/moveit/planning_interface/planning_response.h:40[m[K,
                 from [01m[K/opt/ros/melodic/include/moveit/planning_interface/planning_interface.h:42[m[K,
                 from [01m[K/home/ubuntu/finalProject/src/assignment/src/assignment_context.h:2[m[K,
                 from [01m[K/home/ubuntu/finalProject/src/assignment/src/assignment_context.cpp:1[m[K:
[01m[K/opt/ros/melodic/include/moveit/robot_state/robot_state.h:645:8:[m[K [01;36m[Knote: [m[Kcandidate: void moveit::core::RobotState::setJointGroupPositions(const string&, const double*)
   void [01;36m[KsetJointGroupPositions[m[K(const std::string& joint_group_name, const double* gstate)
        [01;36m[K^~~~~~~~~~~~~~~~~~~~~~[m[K
[01m[K/opt/ros/melodic/include/moveit/robot_state/robot_state.h:645:8:[m[K [01;36m[Knote: [m[K  no known conversion for argument 1 from '[01m[Kconst std::vector<std::__cxx11::basic_string<char> >[m[K' to '[01m[Kconst string& {aka const std::__cxx11::basic_string<char>&}[m[K'
[01m[K/opt/ros/melodic/include/moveit/robot_state/robot_state.h:655:8:[m[K [01;36m[Knote: [m[Kcandidate: void moveit::core::RobotState::setJointGroupPositions(const string&, const std::vector<double>&)
   void [01;36m[KsetJointGroupPositions[m[K(const std::string& joint_group_name, const std::vector<double>& gstate)
        [01;36m[K^~~~~~~~~~~~~~~~~~~~~~[m[K
[01m[K/opt/ros/melodic/include/moveit/robot_state/robot_state.h:655:8:[m[K [01;36m[Knote: [m[K  no known conversion for argument 1 from '[01m[Kconst std::vector<std::__cxx11::basic_string<char> >[m[K' to '[01m[Kconst string& {aka const std::__cxx11::basic_string<char>&}[m[K'
[01m[K/opt/ros/melodic/include/moveit/robot_state/robot_state.h:668:8:[m[K [01;36m[Knote: [m[Kcandidate: void moveit::core::RobotState::setJointGroupPositions(const moveit::core::JointModelGroup*, const std::vector<double>&)
   void [01;36m[KsetJointGroupPositions[m[K(const JointModelGroup* group, const std::vector<double>& gstate)
        [01;36m[K^~~~~~~~~~~~~~~~~~~~~~[m[K
[01m[K/opt/ros/melodic/include/moveit/robot_state/robot_state.h:668:8:[m[K [01;36m[Knote: [m[K  no known conversion for argument 1 from '[01m[Kconst std::vector<std::__cxx11::basic_string<char> >[m[K' to '[01m[Kconst moveit::core::JointModelGroup*[m[K'
[01m[K/opt/ros/melodic/include/moveit/robot_state/robot_state.h:677:8:[m[K [01;36m[Knote: [m[Kcandidate: void moveit::core::RobotState::setJointGroupPositions(const moveit::core::JointModelGroup*, const double*)
   void [01;36m[KsetJointGroupPositions[m[K(const JointModelGroup* group, const double* gstate);
        [01;36m[K^~~~~~~~~~~~~~~~~~~~~~[m[K
[01m[K/opt/ros/melodic/include/moveit/robot_state/robot_state.h:677:8:[m[K [01;36m[Knote: [m[K  no known conversion for argument 1 from '[01m[Kconst std::vector<std::__cxx11::basic_string<char> >[m[K' to '[01m[Kconst moveit::core::JointModelGroup*[m[K'
[01m[K/opt/ros/melodic/include/moveit/robot_state/robot_state.h:682:8:[m[K [01;36m[Knote: [m[Kcandidate: void moveit::core::RobotState::setJointGroupPositions(const string&, const VectorXd&)
   void [01;36m[KsetJointGroupPositions[m[K(const std::string& joint_group_name, const Eigen::VectorXd& values)
        [01;36m[K^~~~~~~~~~~~~~~~~~~~~~[m[K
[01m[K/opt/ros/melodic/include/moveit/robot_state/robot_state.h:682:8:[m[K [01;36m[Knote: [m[K  no known conversion for argument 1 from '[01m[Kconst std::vector<std::__cxx11::basic_string<char> >[m[K' to '[01m[Kconst string& {aka const std::__cxx11::basic_string<char>&}[m[K'
[01m[K/opt/ros/melodic/include/moveit/robot_state/robot_state.h:695:8:[m[K [01;36m[Knote: [m[Kcandidate: void moveit::core::RobotState::setJointGroupPositions(const moveit::core::JointModelGroup*, const VectorXd&)
   void [01;36m[KsetJointGroupPositions[m[K(const JointModelGroup* group, const Eigen::VectorXd& values);
        [01;36m[K^~~~~~~~~~~~~~~~~~~~~~[m[K
[01m[K/opt/ros/melodic/include/moveit/robot_state/robot_state.h:695:8:[m[K [01;36m[Knote: [m[K  no known conversion for argument 1 from '[01m[Kconst std::vector<std::__cxx11::basic_string<char> >[m[K' to '[01m[Kconst moveit::core::JointModelGroup*[m[K'
make[2]: *** [CMakeFiles/assignment_context.dir/src/assignment_context.cpp.o] Error 1
make[1]: *** [CMakeFiles/assignment_context.dir/all] Error 2
make: *** [all] Error 2
