[01m[K/home/ubuntu/finalProject/src/assignment/src/assignment_plugin.cpp:[m[K In member function '[01m[Kvirtual bool CS3891Planner::initialize(const RobotModelConstPtr&, const string&)[m[K':
[01m[K/home/ubuntu/finalProject/src/assignment/src/assignment_plugin.cpp:47:105:[m[K [01;31m[Kerror: [m[Kambiguous overload for '[01m[Koperator=[m[K' (operand types are '[01m[Kstd::__cxx11::string {aka std::__cxx11::basic_string<char>}[m[K' and '[01m[Kros::Subscriber[m[K')
     group_name = nh.subscribe("/move_group/set_planner_id", 1, &CS3891Planner::group_name_callback, this[01;31m[K)[m[K;
                                                                                                         [01;31m[K^[m[K
In file included from [01m[K/usr/include/c++/7/string:52:0[m[K,
                 from [01m[K/opt/ros/melodic/include/ros/platform.h:38[m[K,
                 from [01m[K/opt/ros/melodic/include/ros/time.h:53[m[K,
                 from [01m[K/opt/ros/melodic/include/ros/ros.h:38[m[K,
                 from [01m[K/home/ubuntu/finalProject/src/assignment/src/assignment_plugin.cpp:1[m[K:
[01m[K/usr/include/c++/7/bits/basic_string.h:693:7:[m[K [01;36m[Knote: [m[Kcandidate: std::__cxx11::basic_string<_CharT, _Traits, _Alloc>& std::__cxx11::basic_string<_CharT, _Traits, _Alloc>::operator=(const _CharT*) [with _CharT = char; _Traits = std::char_traits<char>; _Alloc = std::allocator<char>] <near match>
       [01;36m[Koperator[m[K=(const _CharT* __s)
       [01;36m[K^~~~~~~~[m[K
[01m[K/usr/include/c++/7/bits/basic_string.h:693:7:[m[K [01;36m[Knote: [m[K  conversion of argument 1 would be ill-formed:
[01m[K/home/ubuntu/finalProject/src/assignment/src/assignment_plugin.cpp:47:30:[m[K [01;31m[Kerror: [m[Kinvalid user-defined conversion from '[01m[Kros::Subscriber[m[K' to '[01m[Kconst char*[m[K' [[01;31m[K-fpermissive[m[K]
     group_name = [01;31m[Knh.subscribe("/move_group/set_planner_id", 1, &CS3891Planner::group_name_callback, this)[m[K;
                  [01;31m[K~~~~~~~~~~~~^~~~~~~~~~~~~~~~~~~~~~~~~~~~~~~~~~~~~~~~~~~~~~~~~~~~~~~~~~~~~~~~~~~~~~~~~~~~[m[K
In file included from [01m[K/opt/ros/melodic/include/ros/node_handle.h:33:0[m[K,
                 from [01m[K/opt/ros/melodic/include/ros/ros.h:45[m[K,
                 from [01m[K/home/ubuntu/finalProject/src/assignment/src/assignment_plugin.cpp:1[m[K:
[01m[K/opt/ros/melodic/include/ros/subscriber.h:72:3:[m[K [01;36m[Knote: [m[Kcandidate is: ros::Subscriber::operator void*() const <near match>
   [01;36m[Koperator[m[K void*() const { return (impl_ && impl_->isValid()) ? (void*)1 : (void*)0; }
   [01;36m[K^~~~~~~~[m[K
[01m[K/opt/ros/melodic/include/ros/subscriber.h:72:3:[m[K [01;36m[Knote: [m[K  no known conversion from '[01m[Kvoid*[m[K' to '[01m[Kconst char*[m[K'
In file included from [01m[K/usr/include/c++/7/string:52:0[m[K,
                 from [01m[K/opt/ros/melodic/include/ros/platform.h:38[m[K,
                 from [01m[K/opt/ros/melodic/include/ros/time.h:53[m[K,
                 from [01m[K/opt/ros/melodic/include/ros/ros.h:38[m[K,
                 from [01m[K/home/ubuntu/finalProject/src/assignment/src/assignment_plugin.cpp:1[m[K:
[01m[K/usr/include/c++/7/bits/basic_string.h:704:7:[m[K [01;36m[Knote: [m[Kcandidate: std::__cxx11::basic_string<_CharT, _Traits, _Alloc>& std::__cxx11::basic_string<_CharT, _Traits, _Alloc>::operator=(_CharT) [with _CharT = char; _Traits = std::char_traits<char>; _Alloc = std::allocator<char>] <near match>
       [01;36m[Koperator[m[K=(_CharT __c)
       [01;36m[K^~~~~~~~[m[K
[01m[K/usr/include/c++/7/bits/basic_string.h:704:7:[m[K [01;36m[Knote: [m[K  conversion of argument 1 would be ill-formed:
[01m[K/home/ubuntu/finalProject/src/assignment/src/assignment_plugin.cpp:47:30:[m[K [01;31m[Kerror: [m[Kinvalid user-defined conversion from '[01m[Kros::Subscriber[m[K' to '[01m[Kchar[m[K' [[01;31m[K-fpermissive[m[K]
     group_name = [01;31m[Knh.subscribe("/move_group/set_planner_id", 1, &CS3891Planner::group_name_callback, this)[m[K;
                  [01;31m[K~~~~~~~~~~~~^~~~~~~~~~~~~~~~~~~~~~~~~~~~~~~~~~~~~~~~~~~~~~~~~~~~~~~~~~~~~~~~~~~~~~~~~~~~[m[K
In file included from [01m[K/opt/ros/melodic/include/ros/node_handle.h:33:0[m[K,
                 from [01m[K/opt/ros/melodic/include/ros/ros.h:45[m[K,
                 from [01m[K/home/ubuntu/finalProject/src/assignment/src/assignment_plugin.cpp:1[m[K:
[01m[K/opt/ros/melodic/include/ros/subscriber.h:72:3:[m[K [01;36m[Knote: [m[Kcandidate is: ros::Subscriber::operator void*() const <near match>
   [01;36m[Koperator[m[K void*() const { return (impl_ && impl_->isValid()) ? (void*)1 : (void*)0; }
   [01;36m[K^~~~~~~~[m[K
[01m[K/opt/ros/melodic/include/ros/subscriber.h:72:3:[m[K [01;36m[Knote: [m[K  no known conversion from '[01m[Kvoid*[m[K' to '[01m[Kchar[m[K'
[01m[K/home/ubuntu/finalProject/src/assignment/src/assignment_plugin.cpp:[m[K In member function '[01m[Kvoid CS3891Planner::group_name_callback(const StringConstPtr&)[m[K':
[01m[K/home/ubuntu/finalProject/src/assignment/src/assignment_plugin.cpp:56:7:[m[K [01;31m[Kerror: [m[K'[01m[Kgroup_name[m[K' was not declared in this scope
       [01;31m[Kgroup_name[m[K = msg->data;
       [01;31m[K^~~~~~~~~~[m[K
[01m[K/home/ubuntu/finalProject/src/assignment/src/assignment_plugin.cpp:56:7:[m[K [01;36m[Knote: [m[Ksuggested alternative: '[01m[Kgroup_member[m[K'
       [01;36m[Kgroup_name[m[K = msg->data;
       [01;36m[K^~~~~~~~~~[m[K
       [32m[Kgroup_member[m[K
make[2]: *** [CMakeFiles/assignment_plugin.dir/src/assignment_plugin.cpp.o] Error 1
make[1]: *** [CMakeFiles/assignment_plugin.dir/all] Error 2
make: *** [all] Error 2
